


ARM Macro Assembler    Page 1 


    1 00000000         ; Print.s
    2 00000000         ; Student names: change this to your names or look very 
                       silly
    3 00000000         ; Last modification date: change this to the last modifi
                       cation date or look very silly
    4 00000000         ; Runs on LM4F120 or TM4C123
    5 00000000         ; EE319K lab 7 device driver for any LCD
    6 00000000         ;
    7 00000000         ; As part of Lab 7, students need to implement these LCD
                       _OutDec and LCD_OutFix
    8 00000000         ; This driver assumes two low-level LCD functions
    9 00000000         ; ST7735_OutChar   outputs a single 8-bit ASCII characte
                       r
   10 00000000         ; ST7735_OutString outputs a null-terminated string 
   11 00000000         
   12 00000000 00000000 
                       V0      EQU              0           ;binding
   13 00000000 00000001 
                       V1      EQU              1
   14 00000000 00000002 
                       V2      EQU              2
   15 00000000 00000003 
                       V3      EQU              3
   16 00000000 00000004 
                       V4      EQU              4
   17 00000000 00000005 
                       V5      EQU              5
   18 00000000 00000006 
                       V6      EQU              6
   19 00000000 00000007 
                       V7      EQU              7
   20 00000000 00000008 
                       V8      EQU              8
   21 00000000 00000009 
                       V9      EQU              9
   22 00000000         
   23 00000000         
   24 00000000         
   25 00000000         
   26 00000000         
   27 00000000                 IMPORT           ST7735_OutChar
   28 00000000                 IMPORT           ST7735_OutString
   29 00000000                 EXPORT           LCD_OutDec
   30 00000000                 EXPORT           LCD_OutFix
   31 00000000         
   32 00000000                 AREA             |.text|, CODE, READONLY, ALIGN=
2
   33 00000000                 THUMB
   34 00000000         
   35 00000000         
   36 00000000         
   37 00000000         ;-----------------------LCD_OutDec----------------------
                       -
   38 00000000         ; Output a 32-bit number in unsigned decimal format
   39 00000000         ; Input: R0 (call by value) 32-bit unsigned number
   40 00000000         ; Output: none
   41 00000000         ; Invariables: This function must not permanently modify
                        registers R4 to R11
   42 00000000         LCD_OutDec



ARM Macro Assembler    Page 2 


   43 00000000         
   44 00000000         MOD
   45 00000000 B510            PUSH             {R4, LR}    ;allocate space
   46 00000002 B088            SUB              SP, #32
   47 00000004         
   48 00000004 2800            CMP              R0, #0      ;see if 0
   49 00000006 D000            BEQ              STOR
   50 00000008 E00B            B                MOD1
   51 0000000A         
   52 0000000A         STOR                                 ;store 0
   53 0000000A F100 0030       ADD              R0, #0x30
   54 0000000E F88D 0000       STRB             R0, [SP, #V0]
   55 00000012         
   56 00000012         PRINT                                ;print 0
   57 00000012 F89D 0000       LDRB             R0, [SP, #V0]
   58 00000016 F7FF FFFE       BL               ST7735_OutChar
   59 0000001A         
   60 0000001A B008            ADD              SP, #32     ; deallocation
   61 0000001C E8BD 4010       POP              { R4, LR}
   62 00000020 4770            BX               LR
   63 00000022         
   64 00000022         
   65 00000022         
   66 00000022         MOD1
   67 00000022 F04F 010A       MOV              R1, #10     ;store 1 digit
   68 00000026 4602            MOV              R2, R0
   69 00000028 FBB2 F2F1       UDIV             R2,R1       ; R2 has quotient
   70 0000002C FB01 F302       MUL              R3, R1, R2
   71 00000030 EBA0 0303       SUB              R3, R0, R3  ; R3 has remainder
   72 00000034 F103 0330       ADD              R3, #0x30
   73 00000038 F88D 3000       STRB             R3, [SP, #V0]
   74 0000003C         
   75 0000003C 4610            MOV              R0, R2      ;store 2 digits
   76 0000003E FBB2 F2F1       UDIV             R2, R1
   77 00000042 FB01 F302       MUL              R3, R1, R2
   78 00000046 EBA0 0303       SUB              R3, R0, R3
   79 0000004A 2A00            CMP              R2, #0
   80 0000004C D102            BNE              STOR1
   81 0000004E 2B00            CMP              R3, #0
   82 00000050 D100            BNE              STOR1
   83 00000052 E0A7            B                PRINT0
   84 00000054         STOR1
   85 00000054 F103 0330       ADD              R3, #0x30
   86 00000058 F88D 3001       STRB             R3, [SP, #V1]
   87 0000005C         
   88 0000005C         
   89 0000005C 4610            MOV              R0, R2      ;store 3 digits
   90 0000005E FBB2 F2F1       UDIV             R2, R1
   91 00000062 FB01 F302       MUL              R3, R1, R2
   92 00000066 EBA0 0303       SUB              R3, R0, R3
   93 0000006A 2A00            CMP              R2, #0
   94 0000006C D102            BNE              STOR2
   95 0000006E 2B00            CMP              R3, #0
   96 00000070 D100            BNE              STOR2
   97 00000072 E093            B                PRINT1
   98 00000074         STOR2
   99 00000074 F103 0330       ADD              R3, #0x30
  100 00000078 F88D 3002       STRB             R3, [SP, #V2]
  101 0000007C         



ARM Macro Assembler    Page 3 


  102 0000007C 4610            MOV              R0, R2      ;store 4 digits
  103 0000007E FBB2 F2F1       UDIV             R2, R1
  104 00000082 FB01 F302       MUL              R3, R1, R2
  105 00000086 EBA0 0303       SUB              R3, R0, R3
  106 0000008A 2A00            CMP              R2, #0
  107 0000008C D102            BNE              STOR3
  108 0000008E 2B00            CMP              R3, #0
  109 00000090 D100            BNE              STOR3
  110 00000092 E07F            B                PRINT2
  111 00000094         STOR3
  112 00000094 F103 0330       ADD              R3, #0x30
  113 00000098 F88D 3003       STRB             R3, [SP, #V3]
  114 0000009C         
  115 0000009C 4610            MOV              R0, R2      ;store 5 digits
  116 0000009E FBB2 F2F1       UDIV             R2, R1
  117 000000A2 FB01 F302       MUL              R3, R1, R2
  118 000000A6 EBA0 0303       SUB              R3, R0, R3
  119 000000AA 2A00            CMP              R2, #0
  120 000000AC D102            BNE              STOR4
  121 000000AE 2B00            CMP              R3, #0
  122 000000B0 D100            BNE              STOR4
  123 000000B2 E06B            B                PRINT3
  124 000000B4         
  125 000000B4         STOR4
  126 000000B4 F103 0330       ADD              R3, #0x30
  127 000000B8 F88D 3004       STRB             R3, [SP, #V4]
  128 000000BC         
  129 000000BC 4610            MOV              R0, R2      ;store 6 digits
  130 000000BE FBB2 F2F1       UDIV             R2, R1
  131 000000C2 FB01 F302       MUL              R3, R1, R2
  132 000000C6 EBA0 0303       SUB              R3, R0, R3
  133 000000CA 2A00            CMP              R2, #0
  134 000000CC D102            BNE              STOR5
  135 000000CE 2B00            CMP              R3, #0
  136 000000D0 D100            BNE              STOR5
  137 000000D2 E057            B                PRINT4
  138 000000D4         STOR5
  139 000000D4 F103 0330       ADD              R3, #0x30
  140 000000D8 F88D 3005       STRB             R3, [SP, #V5]
  141 000000DC         
  142 000000DC 4610            MOV              R0, R2      ;store 7 digits
  143 000000DE FBB2 F2F1       UDIV             R2, R1
  144 000000E2 FB01 F302       MUL              R3, R1, R2
  145 000000E6 EBA0 0303       SUB              R3, R0, R3
  146 000000EA 2A00            CMP              R2, #0
  147 000000EC D102            BNE              STOR6
  148 000000EE 2B00            CMP              R3, #0
  149 000000F0 D100            BNE              STOR6
  150 000000F2 E043            B                PRINT5
  151 000000F4         STOR6
  152 000000F4 F103 0330       ADD              R3, #0x30
  153 000000F8 F88D 3006       STRB             R3, [SP, #V6]
  154 000000FC         
  155 000000FC 4610            MOV              R0, R2      ;store 8 digits
  156 000000FE FBB2 F2F1       UDIV             R2, R1
  157 00000102 FB01 F302       MUL              R3, R1, R2
  158 00000106 EBA0 0303       SUB              R3, R0, R3
  159 0000010A 2A00            CMP              R2, #0
  160 0000010C D102            BNE              STOR7



ARM Macro Assembler    Page 4 


  161 0000010E 2B00            CMP              R3, #0
  162 00000110 D100            BNE              STOR7
  163 00000112 E02F            B                PRINT6
  164 00000114         STOR7
  165 00000114 F103 0330       ADD              R3, #0x30
  166 00000118 F88D 3007       STRB             R3, [SP, #V7]
  167 0000011C         
  168 0000011C 4610            MOV              R0, R2      ;store 9 digits
  169 0000011E FBB2 F2F1       UDIV             R2, R1
  170 00000122 FB01 F302       MUL              R3, R1, R2
  171 00000126 EBA0 0303       SUB              R3, R0, R3
  172 0000012A 2A00            CMP              R2, #0
  173 0000012C D102            BNE              STOR8
  174 0000012E 2B00            CMP              R3, #0
  175 00000130 D100            BNE              STOR8
  176 00000132 E01B            B                PRINT7
  177 00000134         STOR8
  178 00000134 F103 0330       ADD              R3, #0x30
  179 00000138 F88D 3008       STRB             R3, [SP, #V8]
  180 0000013C         
  181 0000013C 4610            MOV              R0, R2      ;store 10 digits
  182 0000013E FBB2 F2F1       UDIV             R2, R1
  183 00000142 FB01 F302       MUL              R3, R1, R2
  184 00000146 EBA0 0303       SUB              R3, R0, R3
  185 0000014A 2A00            CMP              R2, #0
  186 0000014C D102            BNE              STOR9
  187 0000014E 2B00            CMP              R3, #0
  188 00000150 D100            BNE              STOR9
  189 00000152 E007            B                PRINT8
  190 00000154         STOR9
  191 00000154 F103 0330       ADD              R3, #0x30
  192 00000158 F88D 3009       STRB             R3, [SP, #V9]
  193 0000015C         
  194 0000015C         
  195 0000015C         
  196 0000015C         
  197 0000015C         PRINT9                               ;print 10 digits
  198 0000015C F89D 0009       LDRB             R0, [SP, #V9]
  199 00000160 F7FF FFFE       BL               ST7735_OutChar
  200 00000164         
  201 00000164         
  202 00000164         PRINT8                               ;print 9 digits
  203 00000164 F89D 0008       LDRB             R0, [SP, #V8]
  204 00000168 F7FF FFFE       BL               ST7735_OutChar
  205 0000016C         
  206 0000016C         
  207 0000016C         PRINT7                               ;print 8 digits
  208 0000016C F89D 0007       LDRB             R0, [SP, #V7]
  209 00000170 F7FF FFFE       BL               ST7735_OutChar
  210 00000174         
  211 00000174         
  212 00000174         PRINT6                               ;print 7 digits
  213 00000174 F89D 0006       LDRB             R0, [SP, #V6]
  214 00000178 F7FF FFFE       BL               ST7735_OutChar
  215 0000017C         
  216 0000017C         PRINT5                               ;print 6 digits
  217 0000017C F89D 0005       LDRB             R0, [SP, #V5]
  218 00000180 F7FF FFFE       BL               ST7735_OutChar
  219 00000184         



ARM Macro Assembler    Page 5 


  220 00000184         
  221 00000184         PRINT4                               ;print 5 digits
  222 00000184 F89D 0004       LDRB             R0, [SP, #V4]
  223 00000188 F7FF FFFE       BL               ST7735_OutChar
  224 0000018C         
  225 0000018C         
  226 0000018C         PRINT3                               ;print 4 digits
  227 0000018C F89D 0003       LDRB             R0, [SP, #V3]
  228 00000190 F7FF FFFE       BL               ST7735_OutChar
  229 00000194         
  230 00000194         
  231 00000194         PRINT2                               ;print 3 digits
  232 00000194 F89D 0002       LDRB             R0, [SP, #V2]
  233 00000198 F7FF FFFE       BL               ST7735_OutChar
  234 0000019C         
  235 0000019C         
  236 0000019C         PRINT1                               ;print 2 digits
  237 0000019C F89D 0001       LDRB             R0, [SP, #V1]
  238 000001A0 F7FF FFFE       BL               ST7735_OutChar
  239 000001A4         
  240 000001A4         
  241 000001A4         PRINT0                               ;print 1 digit
  242 000001A4 F89D 0000       LDRB             R0, [SP, #V0]
  243 000001A8 F7FF FFFE       BL               ST7735_OutChar
  244 000001AC B008            ADD              SP, #32
  245 000001AE E8BD 4010       POP              {R4, LR}
  246 000001B2 4770            BX               LR
  247 000001B4         
  248 000001B4         
  249 000001B4         
  250 000001B4 4770            BX               LR
  251 000001B6         ;* * * * * * * * End of LCD_OutDec * * * * * * * *
  252 000001B6         
  253 000001B6         ; -----------------------LCD _OutFix--------------------
                       --
  254 000001B6         ; Output characters to LCD display in fixed-point format
                       
  255 000001B6         ; unsigned decimal, resolution 0.001, range 0.000 to 9.9
                       99
  256 000001B6         ; Inputs:  R0 is an unsigned 32-bit number
  257 000001B6         ; Outputs: none
  258 000001B6         ; E.g., R0=0,    then output "0.000 "
  259 000001B6         ;       R0=3,    then output "0.003 "
  260 000001B6         ;       R0=89,   then output "0.089 "
  261 000001B6         ;       R0=123,  then output "0.123 "
  262 000001B6         ;       R0=9999, then output "9.999 "
  263 000001B6         ;       R0>9999, then output "*.*** "
  264 000001B6         ; Invariables: This function must not permanently modify
                        registers R4 to R11
  265 000001B6         LCD_OutFix
  266 000001B6         
  267 000001B6 4770            BX               LR
  268 000001B8         
  269 000001B8                 ALIGN
  270 000001B8         ;* * * * * * * * End of LCD_OutFix * * * * * * * *
  271 000001B8         
  272 000001B8                 ALIGN                        ; make sure the end
                                                             of this section is
                                                             aligned



ARM Macro Assembler    Page 6 


  273 000001B8                 END                          ; end of file
Command Line: --debug --xref --cpu=Cortex-M4 --apcs=interwork --depend=.\print.
d -o.\print.o -I"C:\Users\Adri\Desktop\Embedded Systems\ARM\RV31\INC" -I"C:\Use
rs\Adri\Desktop\Embedded Systems\ARM\CMSIS\Include" -I"C:\Users\Adri\Desktop\Em
bedded Systems\ARM\Inc\Luminary" --list=.\print.lst Print.s



ARM Macro Assembler    Page 1 Alphabetic symbol ordering
Relocatable symbols

.text 00000000

Symbol: .text
   Definitions
      At line 32 in file Print.s
   Uses
      None
Comment: .text unused
LCD_OutDec 00000000

Symbol: LCD_OutDec
   Definitions
      At line 42 in file Print.s
   Uses
      At line 29 in file Print.s
Comment: LCD_OutDec used once
LCD_OutFix 000001B6

Symbol: LCD_OutFix
   Definitions
      At line 265 in file Print.s
   Uses
      At line 30 in file Print.s
Comment: LCD_OutFix used once
MOD 00000000

Symbol: MOD
   Definitions
      At line 44 in file Print.s
   Uses
      None
Comment: MOD unused
MOD1 00000022

Symbol: MOD1
   Definitions
      At line 66 in file Print.s
   Uses
      At line 50 in file Print.s
Comment: MOD1 used once
PRINT 00000012

Symbol: PRINT
   Definitions
      At line 56 in file Print.s
   Uses
      None
Comment: PRINT unused
PRINT0 000001A4

Symbol: PRINT0
   Definitions
      At line 241 in file Print.s
   Uses
      At line 83 in file Print.s
Comment: PRINT0 used once
PRINT1 0000019C

Symbol: PRINT1



ARM Macro Assembler    Page 2 Alphabetic symbol ordering
Relocatable symbols

   Definitions
      At line 236 in file Print.s
   Uses
      At line 97 in file Print.s
Comment: PRINT1 used once
PRINT2 00000194

Symbol: PRINT2
   Definitions
      At line 231 in file Print.s
   Uses
      At line 110 in file Print.s
Comment: PRINT2 used once
PRINT3 0000018C

Symbol: PRINT3
   Definitions
      At line 226 in file Print.s
   Uses
      At line 123 in file Print.s
Comment: PRINT3 used once
PRINT4 00000184

Symbol: PRINT4
   Definitions
      At line 221 in file Print.s
   Uses
      At line 137 in file Print.s
Comment: PRINT4 used once
PRINT5 0000017C

Symbol: PRINT5
   Definitions
      At line 216 in file Print.s
   Uses
      At line 150 in file Print.s
Comment: PRINT5 used once
PRINT6 00000174

Symbol: PRINT6
   Definitions
      At line 212 in file Print.s
   Uses
      At line 163 in file Print.s
Comment: PRINT6 used once
PRINT7 0000016C

Symbol: PRINT7
   Definitions
      At line 207 in file Print.s
   Uses
      At line 176 in file Print.s
Comment: PRINT7 used once
PRINT8 00000164

Symbol: PRINT8
   Definitions
      At line 202 in file Print.s
   Uses



ARM Macro Assembler    Page 3 Alphabetic symbol ordering
Relocatable symbols

      At line 189 in file Print.s
Comment: PRINT8 used once
PRINT9 0000015C

Symbol: PRINT9
   Definitions
      At line 197 in file Print.s
   Uses
      None
Comment: PRINT9 unused
STOR 0000000A

Symbol: STOR
   Definitions
      At line 52 in file Print.s
   Uses
      At line 49 in file Print.s
Comment: STOR used once
STOR1 00000054

Symbol: STOR1
   Definitions
      At line 84 in file Print.s
   Uses
      At line 80 in file Print.s
      At line 82 in file Print.s

STOR2 00000074

Symbol: STOR2
   Definitions
      At line 98 in file Print.s
   Uses
      At line 94 in file Print.s
      At line 96 in file Print.s

STOR3 00000094

Symbol: STOR3
   Definitions
      At line 111 in file Print.s
   Uses
      At line 107 in file Print.s
      At line 109 in file Print.s

STOR4 000000B4

Symbol: STOR4
   Definitions
      At line 125 in file Print.s
   Uses
      At line 120 in file Print.s
      At line 122 in file Print.s

STOR5 000000D4

Symbol: STOR5
   Definitions
      At line 138 in file Print.s



ARM Macro Assembler    Page 4 Alphabetic symbol ordering
Relocatable symbols

   Uses
      At line 134 in file Print.s
      At line 136 in file Print.s

STOR6 000000F4

Symbol: STOR6
   Definitions
      At line 151 in file Print.s
   Uses
      At line 147 in file Print.s
      At line 149 in file Print.s

STOR7 00000114

Symbol: STOR7
   Definitions
      At line 164 in file Print.s
   Uses
      At line 160 in file Print.s
      At line 162 in file Print.s

STOR8 00000134

Symbol: STOR8
   Definitions
      At line 177 in file Print.s
   Uses
      At line 173 in file Print.s
      At line 175 in file Print.s

STOR9 00000154

Symbol: STOR9
   Definitions
      At line 190 in file Print.s
   Uses
      At line 186 in file Print.s
      At line 188 in file Print.s

26 symbols



ARM Macro Assembler    Page 1 Alphabetic symbol ordering
Absolute symbols

V0 00000000

Symbol: V0
   Definitions
      At line 12 in file Print.s
   Uses
      At line 54 in file Print.s
      At line 57 in file Print.s
      At line 73 in file Print.s
      At line 242 in file Print.s

V1 00000001

Symbol: V1
   Definitions
      At line 13 in file Print.s
   Uses
      At line 86 in file Print.s
      At line 237 in file Print.s

V2 00000002

Symbol: V2
   Definitions
      At line 14 in file Print.s
   Uses
      At line 100 in file Print.s
      At line 232 in file Print.s

V3 00000003

Symbol: V3
   Definitions
      At line 15 in file Print.s
   Uses
      At line 113 in file Print.s
      At line 227 in file Print.s

V4 00000004

Symbol: V4
   Definitions
      At line 16 in file Print.s
   Uses
      At line 127 in file Print.s
      At line 222 in file Print.s

V5 00000005

Symbol: V5
   Definitions
      At line 17 in file Print.s
   Uses
      At line 140 in file Print.s
      At line 217 in file Print.s

V6 00000006

Symbol: V6



ARM Macro Assembler    Page 2 Alphabetic symbol ordering
Absolute symbols

   Definitions
      At line 18 in file Print.s
   Uses
      At line 153 in file Print.s
      At line 213 in file Print.s

V7 00000007

Symbol: V7
   Definitions
      At line 19 in file Print.s
   Uses
      At line 166 in file Print.s
      At line 208 in file Print.s

V8 00000008

Symbol: V8
   Definitions
      At line 20 in file Print.s
   Uses
      At line 179 in file Print.s
      At line 203 in file Print.s

V9 00000009

Symbol: V9
   Definitions
      At line 21 in file Print.s
   Uses
      At line 192 in file Print.s
      At line 198 in file Print.s

10 symbols



ARM Macro Assembler    Page 1 Alphabetic symbol ordering
External symbols

ST7735_OutChar 00000000

Symbol: ST7735_OutChar
   Definitions
      At line 27 in file Print.s
   Uses
      At line 58 in file Print.s
      At line 199 in file Print.s
      At line 204 in file Print.s
      At line 209 in file Print.s
      At line 214 in file Print.s
      At line 218 in file Print.s
      At line 223 in file Print.s
      At line 228 in file Print.s
      At line 233 in file Print.s
      At line 238 in file Print.s
      At line 243 in file Print.s

ST7735_OutString 00000000

Symbol: ST7735_OutString
   Definitions
      At line 28 in file Print.s
   Uses
      None
Comment: ST7735_OutString unused
2 symbols
368 symbols in table
